<?xml version="1.0" encoding="UTF-8"?>
<!-- Generated by org.testng.reporters.JUnitReportReporter -->
<testsuite hostname="SV5S1HQ93" failures="0" tests="4" name="HomeWorkWeek5" time="12.398" errors="0" timestamp="2022-09-13T11:55:35 CST" skipped="0">
  <testcase classname="HomeWorkWeek5" name="setup" time="2.703"/>
  <system-out/>
  <testcase classname="HomeWorkWeek5" name="openTabs" time="4.805"/>
  <system-out/>
  <testcase classname="HomeWorkWeek5" name="search" time="2.109"/>
  <system-out/>
  <testcase classname="HomeWorkWeek5" name="hoverActions" time="2.781"/>
  <system-out/>
</testsuite> <!-- HomeWorkWeek5 -->
