<?xml version="1.0" encoding="UTF-8"?>
<!-- Generated by org.testng.reporters.JUnitReportReporter -->
<testsuite hostname="SV5S1HQ93" failures="0" tests="6" name="APITest" time="38.986" errors="0" timestamp="2022-09-13T11:55:35 CST" skipped="0">
  <testcase classname="APITest" name="serverValidation" time="1.935"/>
  <system-out/>
  <testcase classname="APITest" name="getUserThatMatchEmail" time="1.262"/>
  <system-out/>
  <testcase classname="APITest" name="createUser" time="33.586"/>
  <system-out/>
  <testcase classname="APITest" name="createUser" time="0.561"/>
  <system-out/>
  <testcase classname="APITest" name="createUser" time="0.449"/>
  <system-out/>
  <testcase classname="APITest" name="saveRequestInPOJO" time="1.193"/>
  <system-out/>
</testsuite> <!-- APITest -->
