<?xml version="1.0" encoding="UTF-8"?>
<!-- Generated by org.testng.reporters.JUnitReportReporter -->
<testsuite hostname="SV5S1HQ93" failures="0" tests="7" name="HomeWorkWeek4" time="21.835" errors="0" timestamp="2022-09-13T11:55:35 CST" skipped="0">
  <testcase classname="HomeWorkWeek4" name="setup" time="10.194"/>
  <system-out/>
  <testcase classname="HomeWorkWeek4" name="radioButtonsCheck" time="0.313"/>
  <system-out/>
  <testcase classname="HomeWorkWeek4" name="autocompleteInputCountries" time="0.749"/>
  <system-out/>
  <testcase classname="HomeWorkWeek4" name="dropdownBehavior" time="0.374"/>
  <system-out/>
  <testcase classname="HomeWorkWeek4" name="clickOnButtonsAndCompareUrl" time="7.192"/>
  <system-out/>
  <testcase classname="HomeWorkWeek4" name="OpenNineTabs" time="2.369"/>
  <system-out/>
  <testcase classname="HomeWorkWeek4" name="finished" time="0.644"/>
  <system-out/>
</testsuite> <!-- HomeWorkWeek4 -->
