<?xml version="1.0" encoding="UTF-8"?>
<!-- Generated by org.testng.reporters.JUnitReportReporter -->
<testsuite hostname="SV5S1HQ93" failures="0" tests="5" name="HomeWorkWeek6" time="13.672" errors="0" timestamp="2022-09-13T11:55:35 CST" skipped="0">
  <testcase classname="HomeWorkWeek6" name="setup" time="4.853"/>
  <system-out/>
  <testcase classname="HomeWorkWeek6" name="formsTest" time="1.354"/>
  <system-out/>
  <testcase classname="HomeWorkWeek6" name="tabsTest" time="1.656"/>
  <system-out/>
  <testcase classname="HomeWorkWeek6" name="alertsTest" time="5.265"/>
  <system-out/>
  <testcase classname="HomeWorkWeek6" name="finishSession" time="0.544"/>
  <system-out/>
</testsuite> <!-- HomeWorkWeek6 -->
